<?xml version="1.0" encoding="UTF-8"?>
<!-- Generated by org.testng.reporters.JUnitReportReporter -->
<testsuite hostname="DESKTOP-8N6EMQG" failures="0" tests="1" name="com.actitime.testscript.CustomerModule" time="14.565" errors="0" timestamp="2024-10-09T00:27:52 IST" skipped="0">
  <testcase classname="com.actitime.testscript.CustomerModule" name="createCustomer" time="14.565"/>
  <system-out>
    <![CDATA[actiTIME - Enter Time-Track page is displayed
actiTIME - Task List page is displayed
createCustomer has got passed]]>
  </system-out>
</testsuite> <!-- com.actitime.testscript.CustomerModule -->
