<?xml version="1.0" encoding="UTF-8"?>
<!-- Generated by org.testng.reporters.JUnitReportReporter -->
<testsuite hostname="DESKTOP-8N6EMQG" failures="0" tests="1" name="com.actitime.testscript.ProjectModule" time="12.754" errors="0" timestamp="2024-10-09T14:52:04 IST" skipped="0">
  <testcase classname="com.actitime.testscript.ProjectModule" name="createProject" time="12.754"/>
  <system-out/>
</testsuite> <!-- com.actitime.testscript.ProjectModule -->
